<?xml version="1.0" encoding="UTF-8"?>
<!-- Generated by org.testng.reporters.JUnitXMLReporter -->
<testsuite ignored="0" hostname="VAIO" failures="0" tests="2" name="Default test" time="101.375" errors="0" timestamp="17 May 2020 20:18:52 GMT">
  <testcase classname="com.test.automation.uiAutomation.homepage.TC001_Task" name="CustomerRegistration" time="13.519"/>
  <testcase classname="com.test.automation.uiAutomation.homepage.TC001_Task" name="LoginWithNewUserAndAddproductNAndProcdTochkout" time="48.401"/>
</testsuite> <!-- Default test -->
