<?xml version="1.0" encoding="UTF-8"?>
<!-- Generated by org.testng.reporters.JUnitXMLReporter -->
<testsuite ignored="0" hostname="VAIO" failures="0" tests="2" name="Default test" time="128.649" errors="0" timestamp="2020-05-22T12:15:24 IST">
  <testcase classname="com.test.automation.UiTest.TC001_Task" name="CustomerRegistration" time="13.698"/>
  <testcase classname="com.test.automation.UiTest.TC001_Task" name="LoginWithNewUserAndAddproductNAndProcdTochkout" time="72.541"/>
</testsuite> <!-- Default test -->
