<?xml version="1.0" encoding="UTF-8"?>
<!-- Generated by org.testng.reporters.JUnitXMLReporter -->
<testsuite ignored="0" hostname="VAIO" failures="0" tests="2" name="HomePageTest_AddToCart_ProceedToChkOut" time="82.159" errors="0" timestamp="17 May 2020 19:45:37 GMT">
  <testcase classname="com.test.automation.uiAutomation.homepage.TC001_Task" name="CustomerRegistration" time="16.074"/>
  <testcase classname="com.test.automation.uiAutomation.homepage.TC001_Task" name="LoginWithNewUserAndAddproductNAndProcdTochkout" time="46.105"/>
</testsuite> <!-- HomePageTest_AddToCart_ProceedToChkOut -->
